{"level":"info","message":"Hello from Acquisitions.","service":"acquisitions-api","timestamp":"2025-09-18T07:05:29.240Z"}
{"level":"info","message":"::1 - - [18/Sep/2025:07:05:29 +0000] \"GET / HTTP/1.1\" 200 25 \"-\" \"HTTPie\"","service":"acquisitions-api","timestamp":"2025-09-18T07:05:29.363Z"}
{"level":"info","message":"::1 - - [18/Sep/2025:07:06:38 +0000] \"GET /api HTTP/1.1\" 200 41 \"-\" \"HTTPie\"","service":"acquisitions-api","timestamp":"2025-09-18T07:06:38.888Z"}
{"level":"info","message":"::1 - - [18/Sep/2025:07:07:06 +0000] \"GET /health HTTP/1.1\" 200 75 \"-\" \"HTTPie\"","service":"acquisitions-api","timestamp":"2025-09-18T07:07:06.764Z"}
{"level":"info","message":"::1 - - [18/Sep/2025:07:08:07 +0000] \"POST /api/auth/sign-in HTTP/1.1\" 200 30 \"-\" \"HTTPie\"","service":"acquisitions-api","timestamp":"2025-09-18T07:08:07.330Z"}
{"level":"info","message":"::1 - - [18/Sep/2025:09:04:57 +0000] \"POST /api/auth/sign-up HTTP/1.1\" 400 93 \"-\" \"HTTPie\"","service":"acquisitions-api","timestamp":"2025-09-18T09:04:57.063Z"}
{"level":"info","message":"::1 - - [18/Sep/2025:09:04:58 +0000] \"POST /api/auth/sign-up HTTP/1.1\" 400 93 \"-\" \"HTTPie\"","service":"acquisitions-api","timestamp":"2025-09-18T09:04:58.382Z"}
{"level":"info","message":"::1 - - [18/Sep/2025:09:08:32 +0000] \"POST /api/auth/sign-up HTTP/1.1\" 400 145 \"-\" \"HTTPie\"","service":"acquisitions-api","timestamp":"2025-09-18T09:08:32.886Z"}
{"level":"info","message":"User registered successfully:getulakachew6@gmail.com","service":"acquisitions-api","timestamp":"2025-09-18T09:09:45.608Z"}
{"level":"info","message":"::1 - - [18/Sep/2025:09:09:45 +0000] \"POST /api/auth/sign-up HTTP/1.1\" 201 110 \"-\" \"HTTPie\"","service":"acquisitions-api","timestamp":"2025-09-18T09:09:45.621Z"}
{"level":"error","message":"Error creating the users:ReferenceError: eq is not defined","service":"acquisitions-api","timestamp":"2025-09-18T10:21:45.214Z"}
{"level":"error","message":"signup error error creating users.","service":"acquisitions-api","stack":"Error: error creating users.\n    at createUser (file:///C:/Users/hp/Desktop/acusitions/src/services/Auth.services.js:38:11)\n    at signup (file:///C:/Users/hp/Desktop/acusitions/src/controller/Auth.controller.js:19:24)\n    at Layer.handleRequest (C:\\Users\\hp\\Desktop\\acusitions\\node_modules\\router\\lib\\layer.js:152:17)\n    at next (C:\\Users\\hp\\Desktop\\acusitions\\node_modules\\router\\lib\\route.js:157:13)\n    at Route.dispatch (C:\\Users\\hp\\Desktop\\acusitions\\node_modules\\router\\lib\\route.js:117:3)\n    at handle (C:\\Users\\hp\\Desktop\\acusitions\\node_modules\\router\\index.js:435:11)\n    at Layer.handleRequest (C:\\Users\\hp\\Desktop\\acusitions\\node_modules\\router\\lib\\layer.js:152:17)\n    at C:\\Users\\hp\\Desktop\\acusitions\\node_modules\\router\\index.js:295:15\n    at processParams (C:\\Users\\hp\\Desktop\\acusitions\\node_modules\\router\\index.js:582:12)\n    at next (C:\\Users\\hp\\Desktop\\acusitions\\node_modules\\router\\index.js:291:5)","timestamp":"2025-09-18T10:21:45.223Z"}
{"level":"info","message":"::1 - - [18/Sep/2025:10:21:45 +0000] \"POST /api/auth/sign-up HTTP/1.1\" 500 363 \"-\" \"HTTPie\"","service":"acquisitions-api","timestamp":"2025-09-18T10:21:45.263Z"}
{"level":"info","message":"User getulakachew6@gmail.com created Successfully.","service":"acquisitions-api","timestamp":"2025-09-18T10:24:40.402Z"}
{"level":"info","message":"User registered successfully:getulakachew6@gmail.com","service":"acquisitions-api","timestamp":"2025-09-18T10:24:40.416Z"}
{"level":"info","message":"::1 - - [18/Sep/2025:10:24:40 +0000] \"POST /api/auth/sign-up HTTP/1.1\" 201 94 \"-\" \"HTTPie\"","service":"acquisitions-api","timestamp":"2025-09-18T10:24:40.424Z"}
{"level":"error","message":"Error creating the users:Error: Failed query: insert into \"users\" (\"id\", \"name\", \"email\", \"password\", \"role\", \"created_at\", \"updated_at\") values (default, $1, $2, $3, $4, default, default) returning \"id\", \"email\", \"password\", \"role\", \"created_at\"\nparams: getahun,getulakachew6@gmail.com,async password => {\r\n  try {\r\n    return await bcrypt.hash(password, 10);\r\n  } catch (error) {\r\n    logger.error(`Error hashing the password,${error}`);\r\n    throw new Error('Error hashing.');\r\n  }\r\n},admin","service":"acquisitions-api","timestamp":"2025-09-18T11:16:01.903Z"}
{"level":"error","message":"signup error error creating users.","service":"acquisitions-api","stack":"Error: error creating users.\n    at createUser (file:///C:/Users/hp/Desktop/acusitions/src/services/Auth.services.js:40:11)\n    at process.processTicksAndRejections (node:internal/process/task_queues:105:5)\n    at async signup (file:///C:/Users/hp/Desktop/acusitions/src/controller/Auth.controller.js:19:18)","timestamp":"2025-09-18T11:16:02.291Z"}
{"level":"info","message":"::1 - - [18/Sep/2025:11:16:02 +0000] \"POST /api/auth/sign-up HTTP/1.1\" 500 363 \"-\" \"HTTPie\"","service":"acquisitions-api","timestamp":"2025-09-18T11:16:02.295Z"}
{"level":"error","message":"Error creating the users:Error: Failed query: insert into \"users\" (\"id\", \"name\", \"email\", \"password\", \"role\", \"created_at\", \"updated_at\") values (default, $1, $2, $3, $4, default, default) returning \"id\", \"email\", \"password\", \"role\", \"created_at\"\nparams: getahun,getulakachew6@gmail.com,async password => {\r\n  try {\r\n    return await bcrypt.hash(password, 10);\r\n  } catch (error) {\r\n    logger.error(`Error hashing the password,${error}`);\r\n    throw new Error('Error hashing.');\r\n  }\r\n},admin","service":"acquisitions-api","timestamp":"2025-09-18T11:19:25.263Z"}
{"level":"error","message":"signup error error creating users.","service":"acquisitions-api","stack":"Error: error creating users.\n    at createUser (file:///C:/Users/hp/Desktop/acusitions/src/services/Auth.services.js:40:11)\n    at process.processTicksAndRejections (node:internal/process/task_queues:105:5)\n    at async signup (file:///C:/Users/hp/Desktop/acusitions/src/controller/Auth.controller.js:19:18)","timestamp":"2025-09-18T11:19:25.281Z"}
{"level":"info","message":"::1 - - [18/Sep/2025:11:19:25 +0000] \"POST /api/auth/sign-up HTTP/1.1\" 500 363 \"-\" \"HTTPie\"","service":"acquisitions-api","timestamp":"2025-09-18T11:19:25.326Z"}
{"level":"error","message":"Error creating the users:Error: Failed query: insert into \"users\" (\"id\", \"name\", \"email\", \"password\", \"role\", \"created_at\", \"updated_at\") values (default, $1, $2, $3, $4, default, default) returning \"id\", \"email\", \"password\", \"role\", \"created_at\"\nparams: getahunAb,getulakachew67@gmail.com,async password => {\r\n  try {\r\n    return await bcrypt.hash(password, 10);\r\n  } catch (error) {\r\n    logger.error(`Error hashing the password,${error}`);\r\n    throw new Error('Error hashing.');\r\n  }\r\n},admin","service":"acquisitions-api","timestamp":"2025-09-18T11:21:54.132Z"}
{"level":"error","message":"signup error error creating users.","service":"acquisitions-api","stack":"Error: error creating users.\n    at createUser (file:///C:/Users/hp/Desktop/acusitions/src/services/Auth.services.js:40:11)\n    at process.processTicksAndRejections (node:internal/process/task_queues:105:5)\n    at async signup (file:///C:/Users/hp/Desktop/acusitions/src/controller/Auth.controller.js:19:18)","timestamp":"2025-09-18T11:21:54.392Z"}
{"level":"info","message":"::1 - - [18/Sep/2025:11:21:54 +0000] \"POST /api/auth/sign-up HTTP/1.1\" 500 473 \"-\" \"HTTPie\"","service":"acquisitions-api","timestamp":"2025-09-18T11:21:54.403Z"}
{"level":"info","message":"User gaberash887@gmail.com created Successfully.","service":"acquisitions-api","timestamp":"2025-09-18T11:28:43.515Z"}
{"level":"info","message":"User registered successfully:gaberash887@gmail.com","service":"acquisitions-api","timestamp":"2025-09-18T11:28:43.543Z"}
{"level":"info","message":"::1 - - [18/Sep/2025:11:28:43 +0000] \"POST /api/auth/sign-up HTTP/1.1\" 201 91 \"-\" \"HTTPie\"","service":"acquisitions-api","timestamp":"2025-09-18T11:28:43.550Z"}
